#! /usr/share/iverilog-0.10.0/bin/vvp
:ivl_version "0.10.0 (devel)" "(v0_9_6)";
:ivl_delay_selection "TYPICAL";
:vpi_time_precision - 12;
:vpi_module "system";
:vpi_module "vhdl_sys";
:vpi_module "v2005_math";
:vpi_module "va_math";
:vpi_module "v2009";
S_0xc3c7b0 .scope module, "blocking_tb" "blocking_tb" 2 3;
 .timescale -9 -12;
P_0xc3c930 .param/real "DUTY_CYCLE" 0 2 9, Cr<m4000000000000000gfc1>; value=0.500000
P_0xc3c970 .param/l "OFFSET" 0 2 10, +C4<0>;
P_0xc3c9b0 .param/l "PERIOD" 0 2 8, +C4<010100>;
v0xc52b70_0 .var "a_i", 0 0;
v0xc52c30_0 .net "a_o", 0 0, L_0xc53090;  1 drivers
v0xc52d00_0 .var "b_i", 0 0;
v0xc52e00_0 .net "b_o", 0 0, L_0xc53150;  1 drivers
v0xc52ed0_0 .var "clk", 0 0;
v0xc52fc0_0 .var "rst_n", 0 0;
S_0xc3ee60 .scope module, "blocking_tb" "blocking" 2 33, 3 1 0, S_0xc3c7b0;
 .timescale 0 0;
    .port_info 0 /INPUT 1 "clk"
    .port_info 1 /INPUT 1 "rst_n"
    .port_info 2 /INPUT 1 "a_i"
    .port_info 3 /INPUT 1 "b_i"
    .port_info 4 /OUTPUT 1 "a_o"
    .port_info 5 /OUTPUT 1 "b_o"
L_0xc53090 .functor BUFZ 1, v0xc3f030_0, C4<0>, C4<0>, C4<0>;
L_0xc53150 .functor BUFZ 1, v0xc52660_0, C4<0>, C4<0>, C4<0>;
v0xc3f030_0 .var "a", 0 0;
v0xc524d0_0 .net "a_i", 0 0, v0xc52b70_0;  1 drivers
v0xc52590_0 .net "a_o", 0 0, L_0xc53090;  alias, 1 drivers
v0xc52660_0 .var "b", 0 0;
v0xc52720_0 .net "b_i", 0 0, v0xc52d00_0;  1 drivers
v0xc52830_0 .net "b_o", 0 0, L_0xc53150;  alias, 1 drivers
v0xc528f0_0 .net "clk", 0 0, v0xc52ed0_0;  1 drivers
v0xc529b0_0 .net "rst_n", 0 0, v0xc52fc0_0;  1 drivers
E_0xc3f850/0 .event negedge, v0xc529b0_0;
E_0xc3f850/1 .event posedge, v0xc528f0_0;
E_0xc3f850 .event/or E_0xc3f850/0, E_0xc3f850/1;
    .scope S_0xc3ee60;
T_0 ;
    %wait E_0xc3f850;
    %load/v 8, v0xc529b0_0, 1;
    %inv 8, 1;
    %jmp/0xz  T_0.0, 8;
    %load/v 8, v0xc524d0_0, 1;
    %set/v v0xc3f030_0, 8, 1;
    %load/v 8, v0xc52720_0, 1;
    %set/v v0xc52660_0, 8, 1;
    %jmp T_0.1;
T_0.0 ;
    %load/v 8, v0xc52660_0, 1;
    %set/v v0xc3f030_0, 8, 1;
    %load/v 8, v0xc3f030_0, 1;
    %set/v v0xc52660_0, 8, 1;
T_0.1 ;
    %jmp T_0;
    .thread T_0;
    .scope S_0xc3c7b0;
T_1 ;
    %delay 0, 0;
T_1.0 ;
    %set/v v0xc52ed0_0, 0, 1;
    %delay 10000, 0;
    %set/v v0xc52ed0_0, 1, 1;
    %delay 10000, 0;
    %jmp T_1.0;
    %end;
    .thread T_1;
    .scope S_0xc3c7b0;
T_2 ;
    %set/v v0xc52fc0_0, 0, 1;
    %set/v v0xc52b70_0, 1, 1;
    %set/v v0xc52d00_0, 0, 1;
    %delay 5000, 0;
    %set/v v0xc52fc0_0, 1, 1;
    %delay 100000, 0;
    %vpi_call/w 2 27 "$finish" {0 0};
    %end;
    .thread T_2;
    .scope S_0xc3c7b0;
T_3 ;
    %vpi_call/w 2 30 "$dumpfile", "blocking.vcd" {0 0};
    %vpi_call/w 2 31 "$dumpvars", 1'sb0, S_0xc3ee60 {0 0};
    %end;
    .thread T_3;
# The file index is used to find the file name in the following table.
:file_names 4;
    "N/A";
    "<interactive>";
    "testbench.sv";
    "design.sv";
